<?xml version="1.0" encoding="UTF-8"?>
<!-- Generated by org.testng.reporters.JUnitReportReporter -->
<testsuite hostname="DESKTOP-C7ALN6B" failures="0" tests="1" name="com.qc.testng.tests.LoginTest" time="1.289" errors="0" timestamp="2024-02-23T08:59:57 IST" skipped="0">
  <testcase classname="com.qc.testng.tests.LoginTest" name="doLogin" time="1.289"/>
  <system-out/>
</testsuite> <!-- com.qc.testng.tests.LoginTest -->
